# JRE version: Java(TM) SE Runtime Environment (22.0.2+9) (build 22.0.2+9-70)
# Java VM: Java HotSpot(TM) 64-Bit Server VM (22.0.2+9-70, mixed mode, sharing, tiered, compressed oops, compressed class ptrs, g1 gc, windows-amd64)
GC Precious Log:
 CardTable entry size: 512
 Card Set container configuration: InlinePtr #cards 5 size 8 Array Of Cards #cards 12 size 40 Howl #buckets 4 coarsen threshold 1843 Howl Bitmap #cards 512 size 80 coarsen threshold 460 Card regions per heap region 1 cards per card region 2048
 CPUs: 4 total, 4 available
 Memory: 3882M
 Large Page Support: Disabled
 NUMA Support: Disabled
 Compressed Oops: Enabled (32-bit)
 Heap Region Size: 1M
 Heap Min Capacity: 8M
 Heap Initial Capacity: 62M
 Heap Max Capacity: 972M
 Pre-touch: Disabled
 Parallel Workers: 4
 Concurrent Workers: 1
 Concurrent Refinement Workers: 4
 Periodic GC: Disabled
Heap:
 garbage-first heap   total reserved 995328K, committed 177152K, used 140463K [0x00000000c3400000, 0x0000000100000000)
  region size 1024K, 2 young (2048K), 1 survivors (1024K)
 Metaspace       used 8776K, committed 8960K, reserved 1114112K
  class space    used 967K, committed 1024K, reserved 1048576K
GC Heap History (20 events):
Event: 2.676 GC heap before
{Heap before GC invocations=3 (full 0):
 garbage-first heap   total reserved 995328K, committed 63488K, used 35504K [0x00000000c3400000, 0x0000000100000000)
  region size 1024K, 7 young (7168K), 2 survivors (2048K)
 Metaspace       used 8616K, committed 8832K, reserved 1114112K
  class space    used 965K, committed 1024K, reserved 1048576K
}
Event: 2.677 GC heap after
{Heap after GC invocations=4 (full 0):
 garbage-first heap   total reserved 995328K, committed 63488K, used 31205K [0x00000000c3400000, 0x0000000100000000)
  region size 1024K, 2 young (2048K), 2 survivors (2048K)
 Metaspace       used 8616K, committed 8832K, reserved 1114112K
  class space    used 965K, committed 1024K, reserved 1048576K
}
Event: 3.281 GC heap before
{Heap before GC invocations=5 (full 0):
 garbage-first heap   total reserved 995328K, committed 82944K, used 81381K [0x00000000c3400000, 0x0000000100000000)
  region size 1024K, 22 young (22528K), 2 survivors (2048K)
 Metaspace       used 8617K, committed 8832K, reserved 1114112K
  class space    used 965K, committed 1024K, reserved 1048576K
}
Event: 3.285 GC heap after
{Heap after GC invocations=6 (full 0):
 garbage-first heap   total reserved 995328K, committed 87040K, used 64434K [0x00000000c3400000, 0x0000000100000000)
  region size 1024K, 3 young (3072K), 3 survivors (3072K)
 Metaspace       used 8617K, committed 8832K, reserved 1114112K
  class space    used 965K, committed 1024K, reserved 1048576K
}
Event: 3.398 GC heap before
{Heap before GC invocations=6 (full 0):
 garbage-first heap   total reserved 995328K, committed 87040K, used 78770K [0x00000000c3400000, 0x0000000100000000)
  region size 1024K, 17 young (17408K), 3 survivors (3072K)
 Metaspace       used 8617K, committed 8832K, reserved 1114112K
  class space    used 965K, committed 1024K, reserved 1048576K
}
Event: 3.400 GC heap after
{Heap after GC invocations=7 (full 0):
 garbage-first heap   total reserved 995328K, committed 87040K, used 63039K [0x00000000c3400000, 0x0000000100000000)
  region size 1024K, 1 young (1024K), 1 survivors (1024K)
 Metaspace       used 8617K, committed 8832K, reserved 1114112K
  class space    used 965K, committed 1024K, reserved 1048576K
}
Event: 4.285 GC heap before
{Heap before GC invocations=7 (full 0):
 garbage-first heap   total reserved 995328K, committed 87040K, used 63039K [0x00000000c3400000, 0x0000000100000000)
  region size 1024K, 2 young (2048K), 1 survivors (1024K)
 Metaspace       used 8617K, committed 8832K, reserved 1114112K
  class space    used 965K, committed 1024K, reserved 1048576K
}
Event: 4.286 GC heap after
{Heap after GC invocations=8 (full 0):
 garbage-first heap   total reserved 995328K, committed 87040K, used 63257K [0x00000000c3400000, 0x0000000100000000)
  region size 1024K, 2 young (2048K), 2 survivors (2048K)
 Metaspace       used 8617K, committed 8832K, reserved 1114112K
  class space    used 965K, committed 1024K, reserved 1048576K
}
Event: 4.739 GC heap before
{Heap before GC invocations=9 (full 0):
 garbage-first heap   total reserved 995328K, committed 114688K, used 86809K [0x00000000c3400000, 0x0000000100000000)
  region size 1024K, 15 young (15360K), 2 survivors (2048K)
 Metaspace       used 8634K, committed 8832K, reserved 1114112K
  class space    used 965K, committed 1024K, reserved 1048576K
}
Event: 4.742 GC heap after
{Heap after GC invocations=10 (full 0):
 garbage-first heap   total reserved 995328K, committed 114688K, used 77045K [0x00000000c3400000, 0x0000000100000000)
  region size 1024K, 2 young (2048K), 2 survivors (2048K)
 Metaspace       used 8634K, committed 8832K, reserved 1114112K
  class space    used 965K, committed 1024K, reserved 1048576K
}
Event: 7.070 GC heap before
{Heap before GC invocations=10 (full 0):
 garbage-first heap   total reserved 995328K, committed 117760K, used 116981K [0x00000000c3400000, 0x0000000100000000)
  region size 1024K, 21 young (21504K), 2 survivors (2048K)
 Metaspace       used 8655K, committed 8832K, reserved 1114112K
  class space    used 966K, committed 1024K, reserved 1048576K
}
Event: 7.073 GC heap after
{Heap after GC invocations=11 (full 0):
 garbage-first heap   total reserved 995328K, committed 120832K, used 97227K [0x00000000c3400000, 0x0000000100000000)
  region size 1024K, 3 young (3072K), 3 survivors (3072K)
 Metaspace       used 8655K, committed 8832K, reserved 1114112K
  class space    used 966K, committed 1024K, reserved 1048576K
}
Event: 7.224 GC heap before
{Heap before GC invocations=11 (full 0):
 garbage-first heap   total reserved 995328K, committed 120832K, used 99275K [0x00000000c3400000, 0x0000000100000000)
  region size 1024K, 6 young (6144K), 3 survivors (3072K)
 Metaspace       used 8657K, committed 8832K, reserved 1114112K
  class space    used 966K, committed 1024K, reserved 1048576K
}
Event: 7.225 GC heap after
{Heap after GC invocations=12 (full 0):
 garbage-first heap   total reserved 995328K, committed 120832K, used 97065K [0x00000000c3400000, 0x0000000100000000)
  region size 1024K, 1 young (1024K), 1 survivors (1024K)
 Metaspace       used 8657K, committed 8832K, reserved 1114112K
  class space    used 966K, committed 1024K, reserved 1048576K
}
Event: 7.815 GC heap before
{Heap before GC invocations=13 (full 0):
 garbage-first heap   total reserved 995328K, committed 167936K, used 119593K [0x00000000c3400000, 0x0000000100000000)
  region size 1024K, 14 young (14336K), 1 survivors (1024K)
 Metaspace       used 8693K, committed 8896K, reserved 1114112K
  class space    used 967K, committed 1024K, reserved 1048576K
}
Event: 7.818 GC heap after
{Heap after GC invocations=14 (full 0):
 garbage-first heap   total reserved 995328K, committed 167936K, used 107994K [0x00000000c3400000, 0x0000000100000000)
  region size 1024K, 2 young (2048K), 2 survivors (2048K)
 Metaspace       used 8693K, committed 8896K, reserved 1114112K
  class space    used 967K, committed 1024K, reserved 1048576K
}
Event: 9.799 GC heap before
{Heap before GC invocations=14 (full 0):
 garbage-first heap   total reserved 995328K, committed 168960K, used 167386K [0x00000000c3400000, 0x0000000100000000)
  region size 1024K, 37 young (37888K), 2 survivors (2048K)
 Metaspace       used 8767K, committed 8960K, reserved 1114112K
  class space    used 967K, committed 1024K, reserved 1048576K
}
Event: 9.818 GC heap after
{Heap after GC invocations=15 (full 0):
 garbage-first heap   total reserved 995328K, committed 177152K, used 137729K [0x00000000c3400000, 0x0000000100000000)
  region size 1024K, 7 young (7168K), 7 survivors (7168K)
 Metaspace       used 8767K, committed 8960K, reserved 1114112K
  class space    used 967K, committed 1024K, reserved 1048576K
}
Event: 9.908 GC heap before
{Heap before GC invocations=15 (full 0):
 garbage-first heap   total reserved 995328K, committed 177152K, used 137729K [0x00000000c3400000, 0x0000000100000000)
  region size 1024K, 8 young (8192K), 7 survivors (7168K)
 Metaspace       used 8776K, committed 8960K, reserved 1114112K
  class space    used 967K, committed 1024K, reserved 1048576K
}
Event: 9.919 GC heap after
{Heap after GC invocations=16 (full 0):
 garbage-first heap   total reserved 995328K, committed 177152K, used 137391K [0x00000000c3400000, 0x0000000100000000)
  region size 1024K, 1 young (1024K), 1 survivors (1024K)
 Metaspace       used 8776K, committed 8960K, reserved 1114112K
  class space    used 967K, committed 1024K, reserved 1048576K
}

